[0.012s] Invoking command in '/home/rokey/turtlebot3_ws/build/turtlebot3_gazebo': CMAKE_PREFIX_PATH=${CMAKE_PREFIX_PATH}:/home/rokey/turtlebot3_ws/install/turtlebot3_teleop:/home/rokey/turtlebot3_ws/install/turtlebot3_example:/home/rokey/turtlebot3_ws/install/turtlebot3_autorace_mission:/home/rokey/turtlebot3_ws/install/turtlebot3_autorace_detect:/home/rokey/turtlebot3_ws/install/turtlebot3_autorace_camera:/opt/ros/humble /usr/bin/cmake /home/rokey/turtlebot3_ws/src/turtlebot3_gazebo -DCMAKE_INSTALL_PREFIX=/home/rokey/turtlebot3_ws/install/turtlebot3_gazebo
[0.028s] -- Found ament_cmake: 1.3.11 (/opt/ros/humble/share/ament_cmake/cmake)
[0.203s] -- Override CMake install command with custom implementation using symlinks instead of copying resources
[0.222s] [33mCMake Warning (dev) at /usr/share/cmake-3.22/Modules/FindPackageHandleStandardArgs.cmake:438 (message):
[0.222s]   The package name passed to `find_package_handle_standard_args` (PkgConfig)
[0.222s]   does not match the name of the calling package (gazebo).  This can lead to
[0.222s]   problems in calling code that expects `find_package` result variables
[0.222s]   (e.g., `_FOUND`) to follow a certain pattern.
[0.222s] Call Stack (most recent call first):
[0.222s]   /usr/share/cmake-3.22/Modules/FindPkgConfig.cmake:99 (find_package_handle_standard_args)
[0.222s]   /usr/lib/x86_64-linux-gnu/cmake/gazebo/gazebo-config.cmake:72 (include)
[0.222s]   CMakeLists.txt:23 (find_package)
[0.222s] This warning is for project developers.  Use -Wno-dev to suppress it.
[0.222s] [0m
[0.248s] -- Found DART: /usr/include (Required is at least version "6.6") found components: dart 
[0.286s] -- Found Protobuf: /usr/lib/x86_64-linux-gnu/libprotobuf.so (found version "3.12.4") 
[0.288s] -- Looking for ignition-math6 -- found version 6.15.1
[0.294s] -- Searching for dependencies of ignition-math6
[0.296s] -- Looking for OGRE...
[0.302s] -- Found Ogre Ghadamon (1.9.0)
[0.302s] -- Found OGRE: optimized;/usr/lib/x86_64-linux-gnu/libOgreMain.so;debug;/usr/lib/x86_64-linux-gnu/libOgreMain.so
[0.311s] -- Looking for OGRE_Paging...
[0.311s] -- Found OGRE_Paging: optimized;/usr/lib/x86_64-linux-gnu/libOgrePaging.so;debug;/usr/lib/x86_64-linux-gnu/libOgrePaging.so
[0.311s] -- Looking for OGRE_Terrain...
[0.311s] -- Found OGRE_Terrain: optimized;/usr/lib/x86_64-linux-gnu/libOgreTerrain.so;debug;/usr/lib/x86_64-linux-gnu/libOgreTerrain.so
[0.311s] -- Looking for OGRE_Property...
[0.311s] -- Found OGRE_Property: optimized;/usr/lib/x86_64-linux-gnu/libOgreProperty.so;debug;/usr/lib/x86_64-linux-gnu/libOgreProperty.so
[0.312s] -- Looking for OGRE_RTShaderSystem...
[0.312s] -- Found OGRE_RTShaderSystem: optimized;/usr/lib/x86_64-linux-gnu/libOgreRTShaderSystem.so;debug;/usr/lib/x86_64-linux-gnu/libOgreRTShaderSystem.so
[0.312s] -- Looking for OGRE_Volume...
[0.312s] -- Found OGRE_Volume: optimized;/usr/lib/x86_64-linux-gnu/libOgreVolume.so;debug;/usr/lib/x86_64-linux-gnu/libOgreVolume.so
[0.312s] -- Looking for OGRE_Overlay...
[0.312s] -- Found OGRE_Overlay: optimized;/usr/lib/x86_64-linux-gnu/libOgreOverlay.so;debug;/usr/lib/x86_64-linux-gnu/libOgreOverlay.so
[0.439s] -- Looking for ignition-math6 -- found version 6.15.1
[0.440s] -- Looking for ignition-transport8 -- found version 8.2.1
[0.440s] -- Searching for dependencies of ignition-transport8
[0.457s] -- Found Protobuf: /usr/lib/x86_64-linux-gnu/libprotobuf.so (found suitable version "3.12.4", minimum required is "3") 
[0.467s] -- Config-file not installed for ZeroMQ -- checking for pkg-config
[0.472s] -- Checking for module 'libzmq >= 4'
[0.484s] --   Found libzmq , version 4.3.4
[0.516s] -- Checking for module 'uuid'
[0.528s] --   Found uuid, version 2.37.2
[0.552s] -- Looking for ignition-msgs5 -- found version 5.8.1
[0.553s] -- Searching for dependencies of ignition-msgs5
[0.570s] -- Looking for ignition-math6 -- found version 6.15.1
[0.575s] -- Checking for module 'tinyxml2'
[0.585s] --   Found tinyxml2, version 9.0.0
[0.611s] -- Looking for ignition-msgs5 -- found version 5.8.1
[0.611s] -- Looking for ignition-common3 -- found version 3.14.0
[0.612s] -- Searching for dependencies of ignition-common3
[0.612s] -- Looking for dlfcn.h - found
[0.612s] -- Looking for libdl - found
[0.623s] -- Searching for <ignition-common3> component [graphics]
[0.624s] -- Looking for ignition-common3-graphics -- found version 3.14.0
[0.624s] -- Searching for dependencies of ignition-common3-graphics
[0.625s] -- Looking for ignition-math6 -- found version 6.15.1
[0.626s] -- Looking for ignition-fuel_tools4 -- found version 4.4.0
[0.627s] -- Searching for dependencies of ignition-fuel_tools4
[0.663s] -- Checking for module 'jsoncpp'
[0.673s] --   Found jsoncpp, version 1.9.5
[0.704s] -- Checking for module 'libzip'
[0.715s] --   Found libzip, version 1.7.3
[0.741s] -- Looking for ignition-common3 -- found version 3.14.0
[0.741s] -- Looking for ignition-math6 -- found version 6.15.1
[0.741s] -- Looking for ignition-msgs5 -- found version 5.8.1
[0.744s] -- Found gazebo_ros_pkgs: 3.9.0 (/opt/ros/humble/share/gazebo_ros_pkgs/cmake)
[0.744s] -- Found geometry_msgs: 4.8.0 (/opt/ros/humble/share/geometry_msgs/cmake)
[0.771s] -- Found rosidl_generator_c: 3.1.6 (/opt/ros/humble/share/rosidl_generator_c/cmake)
[0.774s] -- Found rosidl_adapter: 3.1.6 (/opt/ros/humble/share/rosidl_adapter/cmake)
[0.782s] -- Found rosidl_generator_cpp: 3.1.6 (/opt/ros/humble/share/rosidl_generator_cpp/cmake)
[0.795s] -- Using all available rosidl_typesupport_c: rosidl_typesupport_fastrtps_c;rosidl_typesupport_introspection_c
[0.811s] -- Using all available rosidl_typesupport_cpp: rosidl_typesupport_fastrtps_cpp;rosidl_typesupport_introspection_cpp
[0.857s] -- Found nav_msgs: 4.8.0 (/opt/ros/humble/share/nav_msgs/cmake)
[0.876s] -- Found rclcpp: 16.0.12 (/opt/ros/humble/share/rclcpp/cmake)
[0.912s] -- Found rmw_implementation_cmake: 6.1.2 (/opt/ros/humble/share/rmw_implementation_cmake/cmake)
[0.915s] -- Found rmw_fastrtps_cpp: 6.2.7 (/opt/ros/humble/share/rmw_fastrtps_cpp/cmake)
[1.022s] -- Using RMW implementation 'rmw_fastrtps_cpp' as default
[1.071s] -- Found sensor_msgs: 4.8.0 (/opt/ros/humble/share/sensor_msgs/cmake)
[1.091s] -- Found tf2: 0.25.12 (/opt/ros/humble/share/tf2/cmake)
[1.178s] -- Configuring done
[1.225s] -- Generating done
[1.235s] -- Build files have been written to: /home/rokey/turtlebot3_ws/build/turtlebot3_gazebo
[1.245s] Invoked command in '/home/rokey/turtlebot3_ws/build/turtlebot3_gazebo' returned '0': CMAKE_PREFIX_PATH=${CMAKE_PREFIX_PATH}:/home/rokey/turtlebot3_ws/install/turtlebot3_teleop:/home/rokey/turtlebot3_ws/install/turtlebot3_example:/home/rokey/turtlebot3_ws/install/turtlebot3_autorace_mission:/home/rokey/turtlebot3_ws/install/turtlebot3_autorace_detect:/home/rokey/turtlebot3_ws/install/turtlebot3_autorace_camera:/opt/ros/humble /usr/bin/cmake /home/rokey/turtlebot3_ws/src/turtlebot3_gazebo -DCMAKE_INSTALL_PREFIX=/home/rokey/turtlebot3_ws/install/turtlebot3_gazebo
[1.246s] Invoking command in '/home/rokey/turtlebot3_ws/build/turtlebot3_gazebo': CMAKE_PREFIX_PATH=${CMAKE_PREFIX_PATH}:/home/rokey/turtlebot3_ws/install/turtlebot3_teleop:/home/rokey/turtlebot3_ws/install/turtlebot3_example:/home/rokey/turtlebot3_ws/install/turtlebot3_autorace_mission:/home/rokey/turtlebot3_ws/install/turtlebot3_autorace_detect:/home/rokey/turtlebot3_ws/install/turtlebot3_autorace_camera:/opt/ros/humble /usr/bin/cmake --build /home/rokey/turtlebot3_ws/build/turtlebot3_gazebo -- -j8 -l8
[1.303s] [35m[1mConsolidate compiler generated dependencies of target turtlebot3_drive[0m
[1.309s] [35m[1mConsolidate compiler generated dependencies of target traffic_light_plugin[0m
[1.310s] [35m[1mConsolidate compiler generated dependencies of target traffic_bar_plugin[0m
[1.310s] [35m[1mConsolidate compiler generated dependencies of target traffic_signal_plugin[0m
[1.311s] [35m[1mConsolidate compiler generated dependencies of target obstacle1[0m
[1.311s] [35m[1mConsolidate compiler generated dependencies of target obstacles[0m
[1.312s] [35m[1mConsolidate compiler generated dependencies of target obstacle2[0m
[1.338s] [ 14%] Built target turtlebot3_drive
[1.359s] [ 42%] Built target traffic_bar_plugin
[1.359s] [ 42%] Built target traffic_light_plugin
[1.366s] [ 57%] Built target obstacle2
[1.367s] [ 85%] Built target obstacle1
[1.367s] [ 85%] Built target obstacles
[1.369s] [ 92%] [32mBuilding CXX object CMakeFiles/traffic_signal_plugin.dir/src/traffic_signal_plugin.cpp.o[0m
[10.226s] [01m[K/home/rokey/turtlebot3_ws/src/turtlebot3_gazebo/src/traffic_signal_plugin.cpp:[m[K In member function â€˜[01m[Kvirtual void gazebo::TrafficSignal::Load(gazebo::physics::ModelPtr, sdf::v9::ElementPtr)[m[Kâ€™:
[10.226s] [01m[K/home/rokey/turtlebot3_ws/src/turtlebot3_gazebo/src/traffic_signal_plugin.cpp:43:31:[m[K [01;31m[Kerror: [m[Kexpected â€˜[01m[K;[m[Kâ€™ before â€˜[01m[Kthis[m[Kâ€™
[10.226s]    43 |   this->msg.mutable_material()
[10.226s]       |                               [01;31m[K^[m[K
[10.226s]       |                               [32m[K;[m[K
[10.226s]    44 |   [32m[Kthis[m[K->mutable_script()
[10.226s]       |   [32m[K~~~~[m[K                         
[12.579s] gmake[2]: *** [CMakeFiles/traffic_signal_plugin.dir/build.make:76: CMakeFiles/traffic_signal_plugin.dir/src/traffic_signal_plugin.cpp.o] ì˜¤ë¥˜ 1
[12.579s] gmake[1]: *** [CMakeFiles/Makefile2:201: CMakeFiles/traffic_signal_plugin.dir/all] ì˜¤ë¥˜ 2
[12.580s] gmake: *** [Makefile:146: all] ì˜¤ë¥˜ 2
[12.582s] Invoked command in '/home/rokey/turtlebot3_ws/build/turtlebot3_gazebo' returned '2': CMAKE_PREFIX_PATH=${CMAKE_PREFIX_PATH}:/home/rokey/turtlebot3_ws/install/turtlebot3_teleop:/home/rokey/turtlebot3_ws/install/turtlebot3_example:/home/rokey/turtlebot3_ws/install/turtlebot3_autorace_mission:/home/rokey/turtlebot3_ws/install/turtlebot3_autorace_detect:/home/rokey/turtlebot3_ws/install/turtlebot3_autorace_camera:/opt/ros/humble /usr/bin/cmake --build /home/rokey/turtlebot3_ws/build/turtlebot3_gazebo -- -j8 -l8
